<?xml version="1.0" encoding="UTF-8"?>
<!-- Generated by org.testng.reporters.JUnitXMLReporter -->
<testsuite ignored="0" hostname="DESKTOP-0HRE68P" failures="0" tests="4" name="Test" time="0.576" errors="0" timestamp="2024-05-11T16:45:19 IST">
  <testcase classname="scripts.tc2" name="demo" time="0.066"/>
  <testcase classname="scripts.tc1" name="demo" time="0.012"/>
  <testcase classname="scripts.tc4" name="demo" time="0.008"/>
  <testcase classname="scripts.tc3" name="demo" time="0.033"/>
</testsuite> <!-- Test -->
