<?xml version="1.0" encoding="UTF-8"?>
<testng-results ignored="0" total="4" passed="4" failed="0" skipped="0">
  <reporter-output>
    <line>
      <![CDATA[hello selenium]]>
    </line>
    <line>
      <![CDATA[hello java]]>
    </line>
    <line>
      <![CDATA[hello api, java, selenium]]>
    </line>
    <line>
      <![CDATA[hello api]]>
    </line>
  </reporter-output>
  <suite started-at="2024-05-11T16:45:18 IST" name="Suite" finished-at="2024-05-11T16:45:18 IST" duration-ms="576">
    <groups>
    </groups>
    <test started-at="2024-05-11T16:45:18 IST" name="Test" finished-at="2024-05-11T16:45:18 IST" duration-ms="576">
      <class name="scripts.tc4">
        <test-method signature="demo()[pri:0, instance:scripts.tc4@24fcf36f]" started-at="2024-05-11T16:45:18 IST" name="demo" finished-at="2024-05-11T16:45:18 IST" duration-ms="8" status="PASS">
          <reporter-output>
            <line>
              <![CDATA[hello api, java, selenium]]>
            </line>
          </reporter-output>
        </test-method> <!-- demo -->
      </class> <!-- scripts.tc4 -->
      <class name="scripts.tc3">
        <test-method signature="demo()[pri:0, instance:scripts.tc3@10feca44]" started-at="2024-05-11T16:45:18 IST" name="demo" finished-at="2024-05-11T16:45:18 IST" duration-ms="33" status="PASS">
          <reporter-output>
            <line>
              <![CDATA[hello api]]>
            </line>
          </reporter-output>
        </test-method> <!-- demo -->
      </class> <!-- scripts.tc3 -->
      <class name="scripts.tc2">
        <test-method signature="demo()[pri:0, instance:scripts.tc2@1b6e1eff]" started-at="2024-05-11T16:45:18 IST" name="demo" finished-at="2024-05-11T16:45:18 IST" duration-ms="66" status="PASS">
          <reporter-output>
            <line>
              <![CDATA[hello selenium]]>
            </line>
          </reporter-output>
        </test-method> <!-- demo -->
      </class> <!-- scripts.tc2 -->
      <class name="scripts.tc1">
        <test-method signature="demo()[pri:0, instance:scripts.tc1@7ea9e1e2]" started-at="2024-05-11T16:45:18 IST" name="demo" finished-at="2024-05-11T16:45:18 IST" duration-ms="12" status="PASS">
          <reporter-output>
            <line>
              <![CDATA[hello java]]>
            </line>
          </reporter-output>
        </test-method> <!-- demo -->
      </class> <!-- scripts.tc1 -->
    </test> <!-- Test -->
  </suite> <!-- Suite -->
</testng-results>
